<?xml version="1.0" encoding="UTF-8"?>
<!-- Generated by org.testng.reporters.JUnitReportReporter -->
<testsuite hostname="LTIN520377" failures="0" tests="2" name="testNg.Numbrer" time="0.008" errors="0" timestamp="2024-03-19T09:56:02 IST" skipped="0">
  <testcase classname="testNg.Numbrer" name="s" time="0.006"/>
  <testcase classname="testNg.Numbrer" name="a" time="0.002"/>
</testsuite> <!-- testNg.Numbrer -->
