<?xml version="1.0" encoding="UTF-8"?>
<!-- Generated by org.testng.reporters.JUnitReportReporter -->
<testsuite hostname="LTIN520377" failures="0" tests="2" name="testNg.NewTest" time="0.008" errors="0" timestamp="2024-03-14T10:30:49 IST" skipped="0">
  <testcase classname="testNg.NewTest" name="f" time="0.007"/>
  <testcase classname="testNg.NewTest" name="san" time="0.001"/>
</testsuite> <!-- testNg.NewTest -->
