<?xml version="1.0" encoding="UTF-8"?>
<!-- Generated by org.testng.reporters.JUnitReportReporter -->
<testsuite hostname="LTIN520377" failures="0" tests="2" name="testNg.xml" time="0.007" errors="0" timestamp="2024-03-14T10:39:26 IST" skipped="0">
  <testcase classname="testNg.xml" name="s" time="0.007"/>
  <testcase classname="testNg.xml" name="a" time="0.000"/>
</testsuite> <!-- testNg.xml -->
